# JRE version: Java(TM) SE Runtime Environment (8.0_131-b11) (build 1.8.0_131-b11)
# Java VM: Java HotSpot(TM) 64-Bit Server VM (25.131-b11 mixed mode windows-amd64 compressed oops)
Heap:
 PSYoungGen      total 124416K, used 111935K [0x00000000eab00000, 0x00000000f3b80000, 0x0000000100000000)
  eden space 116736K, 89% used [0x00000000eab00000,0x00000000f113cc68,0x00000000f1d00000)
  from space 7680K, 94% used [0x00000000f3400000,0x00000000f3b13318,0x00000000f3b80000)
  to   space 9728K, 0% used [0x00000000f2880000,0x00000000f2880000,0x00000000f3200000)
 ParOldGen       total 34304K, used 8299K [0x00000000c0000000, 0x00000000c2180000, 0x00000000eab00000)
  object space 34304K, 24% used [0x00000000c0000000,0x00000000c081aed0,0x00000000c2180000)
 Metaspace       used 29768K, capacity 30214K, committed 30464K, reserved 1075200K
  class space    used 3714K, capacity 3828K, committed 3840K, reserved 1048576K
GC Heap History (10 events):
Event: 5.533 GC heap before
{Heap before GC invocations=3 (full 0):
 PSYoungGen      total 35328K, used 35312K [0x00000000eab00000, 0x00000000ed000000, 0x0000000100000000)
  eden space 32768K, 100% used [0x00000000eab00000,0x00000000ecb00000,0x00000000ecb00000)
  from space 2560K, 99% used [0x00000000ecd80000,0x00000000ecffc010,0x00000000ed000000)
  to   space 2560K, 0% used [0x00000000ecb00000,0x00000000ecb00000,0x00000000ecd80000)
 ParOldGen       total 44032K, used 1993K [0x00000000c0000000, 0x00000000c2b00000, 0x00000000eab00000)
  object space 44032K, 4% used [0x00000000c0000000,0x00000000c01f26e0,0x00000000c2b00000)
 Metaspace       used 16183K, capacity 16444K, committed 16768K, reserved 1064960K
  class space    used 1995K, capacity 2090K, committed 2176K, reserved 1048576K
Event: 5.590 GC heap after
Heap after GC invocations=3 (full 0):
 PSYoungGen      total 35328K, used 2544K [0x00000000eab00000, 0x00000000ef000000, 0x0000000100000000)
  eden space 32768K, 0% used [0x00000000eab00000,0x00000000eab00000,0x00000000ecb00000)
  from space 2560K, 99% used [0x00000000ecb00000,0x00000000ecd7c010,0x00000000ecd80000)
  to   space 2560K, 0% used [0x00000000eed80000,0x00000000eed80000,0x00000000ef000000)
 ParOldGen       total 44032K, used 6977K [0x00000000c0000000, 0x00000000c2b00000, 0x00000000eab00000)
  object space 44032K, 15% used [0x00000000c0000000,0x00000000c06d0560,0x00000000c2b00000)
 Metaspace       used 16183K, capacity 16444K, committed 16768K, reserved 1064960K
  class space    used 1995K, capacity 2090K, committed 2176K, reserved 1048576K
}
Event: 6.845 GC heap before
{Heap before GC invocations=4 (full 0):
 PSYoungGen      total 35328K, used 35312K [0x00000000eab00000, 0x00000000ef000000, 0x0000000100000000)
  eden space 32768K, 100% used [0x00000000eab00000,0x00000000ecb00000,0x00000000ecb00000)
  from space 2560K, 99% used [0x00000000ecb00000,0x00000000ecd7c010,0x00000000ecd80000)
  to   space 2560K, 0% used [0x00000000eed80000,0x00000000eed80000,0x00000000ef000000)
 ParOldGen       total 44032K, used 6977K [0x00000000c0000000, 0x00000000c2b00000, 0x00000000eab00000)
  object space 44032K, 15% used [0x00000000c0000000,0x00000000c06d0560,0x00000000c2b00000)
 Metaspace       used 20469K, capacity 20700K, committed 20864K, reserved 1067008K
  class space    used 2515K, capacity 2593K, committed 2688K, reserved 1048576K
Event: 6.919 GC heap after
Heap after GC invocations=4 (full 0):
 PSYoungGen      total 68096K, used 2544K [0x00000000eab00000, 0x00000000ef000000, 0x0000000100000000)
  eden space 65536K, 0% used [0x00000000eab00000,0x00000000eab00000,0x00000000eeb00000)
  from space 2560K, 99% used [0x00000000eed80000,0x00000000eeffc010,0x00000000ef000000)
  to   space 2560K, 0% used [0x00000000eeb00000,0x00000000eeb00000,0x00000000eed80000)
 ParOldGen       total 44032K, used 11636K [0x00000000c0000000, 0x00000000c2b00000, 0x00000000eab00000)
  object space 44032K, 26% used [0x00000000c0000000,0x00000000c0b5d2a8,0x00000000c2b00000)
 Metaspace       used 20469K, capacity 20700K, committed 20864K, reserved 1067008K
  class space    used 2515K, capacity 2593K, committed 2688K, reserved 1048576K
}
Event: 6.985 GC heap before
{Heap before GC invocations=5 (full 0):
 PSYoungGen      total 68096K, used 4612K [0x00000000eab00000, 0x00000000ef000000, 0x0000000100000000)
  eden space 65536K, 3% used [0x00000000eab00000,0x00000000ead051e8,0x00000000eeb00000)
  from space 2560K, 99% used [0x00000000eed80000,0x00000000eeffc010,0x00000000ef000000)
  to   space 2560K, 0% used [0x00000000eeb00000,0x00000000eeb00000,0x00000000eed80000)
 ParOldGen       total 44032K, used 11636K [0x00000000c0000000, 0x00000000c2b00000, 0x00000000eab00000)
  object space 44032K, 26% used [0x00000000c0000000,0x00000000c0b5d2a8,0x00000000c2b00000)
 Metaspace       used 20889K, capacity 21182K, committed 21296K, reserved 1069056K
  class space    used 2562K, capacity 2668K, committed 2688K, reserved 1048576K
Event: 7.023 GC heap after
Heap after GC invocations=5 (full 0):
 PSYoungGen      total 68096K, used 2544K [0x00000000eab00000, 0x00000000f3d00000, 0x0000000100000000)
  eden space 65536K, 0% used [0x00000000eab00000,0x00000000eab00000,0x00000000eeb00000)
  from space 2560K, 99% used [0x00000000eeb00000,0x00000000eed7c010,0x00000000eed80000)
  to   space 9216K, 0% used [0x00000000f3400000,0x00000000f3400000,0x00000000f3d00000)
 ParOldGen       total 44032K, used 11874K [0x00000000c0000000, 0x00000000c2b00000, 0x00000000eab00000)
  object space 44032K, 26% used [0x00000000c0000000,0x00000000c0b98bc8,0x00000000c2b00000)
 Metaspace       used 20889K, capacity 21182K, committed 21296K, reserved 1069056K
  class space    used 2562K, capacity 2668K, committed 2688K, reserved 1048576K
}
Event: 7.023 GC heap before
{Heap before GC invocations=6 (full 1):
 PSYoungGen      total 68096K, used 2544K [0x00000000eab00000, 0x00000000f3d00000, 0x0000000100000000)
  eden space 65536K, 0% used [0x00000000eab00000,0x00000000eab00000,0x00000000eeb00000)
  from space 2560K, 99% used [0x00000000eeb00000,0x00000000eed7c010,0x00000000eed80000)
  to   space 9216K, 0% used [0x00000000f3400000,0x00000000f3400000,0x00000000f3d00000)
 ParOldGen       total 44032K, used 11874K [0x00000000c0000000, 0x00000000c2b00000, 0x00000000eab00000)
  object space 44032K, 26% used [0x00000000c0000000,0x00000000c0b98bc8,0x00000000c2b00000)
 Metaspace       used 20889K, capacity 21182K, committed 21296K, reserved 1069056K
  class space    used 2562K, capacity 2668K, committed 2688K, reserved 1048576K
Event: 7.208 GC heap after
Heap after GC invocations=6 (full 1):
 PSYoungGen      total 68096K, used 0K [0x00000000eab00000, 0x00000000f3d00000, 0x0000000100000000)
  eden space 65536K, 0% used [0x00000000eab00000,0x00000000eab00000,0x00000000eeb00000)
  from space 2560K, 0% used [0x00000000eeb00000,0x00000000eeb00000,0x00000000eed80000)
  to   space 9216K, 0% used [0x00000000f3400000,0x00000000f3400000,0x00000000f3d00000)
 ParOldGen       total 34304K, used 8291K [0x00000000c0000000, 0x00000000c2180000, 0x00000000eab00000)
  object space 34304K, 24% used [0x00000000c0000000,0x00000000c0818ed0,0x00000000c2180000)
 Metaspace       used 20889K, capacity 21182K, committed 21296K, reserved 1069056K
  class space    used 2562K, capacity 2668K, committed 2688K, reserved 1048576K
}
Event: 11.017 GC heap before
{Heap before GC invocations=7 (full 1):
 PSYoungGen      total 68096K, used 65536K [0x00000000eab00000, 0x00000000f3d00000, 0x0000000100000000)
  eden space 65536K, 100% used [0x00000000eab00000,0x00000000eeb00000,0x00000000eeb00000)
  from space 2560K, 0% used [0x00000000eeb00000,0x00000000eeb00000,0x00000000eed80000)
  to   space 9216K, 0% used [0x00000000f3400000,0x00000000f3400000,0x00000000f3d00000)
 ParOldGen       total 34304K, used 8291K [0x00000000c0000000, 0x00000000c2180000, 0x00000000eab00000)
  object space 34304K, 24% used [0x00000000c0000000,0x00000000c0818ed0,0x00000000c2180000)
 Metaspace       used 24744K, capacity 25100K, committed 25216K, reserved 1071104K
  class space    used 3070K, capacity 3141K, committed 3200K, reserved 1048576K
Event: 11.101 GC heap after
Heap after GC invocations=7 (full 1):
 PSYoungGen      total 124416K, used 7244K [0x00000000eab00000, 0x00000000f3b80000, 0x0000000100000000)
  eden space 116736K, 0% used [0x00000000eab00000,0x00000000eab00000,0x00000000f1d00000)
  from space 7680K, 94% used [0x00000000f3400000,0x00000000f3b13318,0x00000000f3b80000)
  to   space 9728K, 0% used [0x00000000f2880000,0x00000000f2880000,0x00000000f3200000)
 ParOldGen       total 34304K, used 8299K [0x00000000c0000000, 0x00000000c2180000, 0x00000000eab00000)
  object space 34304K, 24% used [0x00000000c0000000,0x00000000c081aed0,0x00000000c2180000)
 Metaspace       used 24744K, capacity 25100K, committed 25216K, reserved 1071104K
  class space    used 3070K, capacity 3141K, committed 3200K, reserved 1048576K
}

